02-Jul-2024 08:42:05.076 정보 [main] org.apache.catalina.startup.VersionLoggerListener.log 서버 버전 이름:    Apache Tomcat/10.1.24
02-Jul-2024 08:42:05.081 정보 [main] org.apache.catalina.startup.VersionLoggerListener.log Server 빌드 시각:  May 9 2024 17:41:23 UTC
02-Jul-2024 08:42:05.081 정보 [main] org.apache.catalina.startup.VersionLoggerListener.log Server 버전 번호:  10.1.24.0
02-Jul-2024 08:42:05.081 정보 [main] org.apache.catalina.startup.VersionLoggerListener.log 운영체제 이름:     Windows 10
02-Jul-2024 08:42:05.081 정보 [main] org.apache.catalina.startup.VersionLoggerListener.log 운영체제 버전:     10.0
02-Jul-2024 08:42:05.081 정보 [main] org.apache.catalina.startup.VersionLoggerListener.log 아키텍처:          amd64
02-Jul-2024 08:42:05.082 정보 [main] org.apache.catalina.startup.VersionLoggerListener.log 자바 홈:           C:\Program Files\Amazon Corretto\jdk17.0.11_9
02-Jul-2024 08:42:05.082 정보 [main] org.apache.catalina.startup.VersionLoggerListener.log JVM 버전:          17.0.11+9-LTS
02-Jul-2024 08:42:05.082 정보 [main] org.apache.catalina.startup.VersionLoggerListener.log JVM 벤더:          Amazon.com Inc.
02-Jul-2024 08:42:05.082 정보 [main] org.apache.catalina.startup.VersionLoggerListener.log CATALINA_BASE:     C:\fullstack405\tomcat-10.1.24
02-Jul-2024 08:42:05.082 정보 [main] org.apache.catalina.startup.VersionLoggerListener.log CATALINA_HOME:     C:\fullstack405\tomcat-10.1.24
02-Jul-2024 08:42:05.092 정보 [main] org.apache.catalina.startup.VersionLoggerListener.log 명령 행 아규먼트:  -Djava.util.logging.config.file=c:\fullstack405\tomcat-10.1.24/conf/logging.properties
02-Jul-2024 08:42:05.092 정보 [main] org.apache.catalina.startup.VersionLoggerListener.log 명령 행 아규먼트:  -Djava.util.logging.manager=org.apache.juli.ClassLoaderLogManager
02-Jul-2024 08:42:05.092 정보 [main] org.apache.catalina.startup.VersionLoggerListener.log 명령 행 아규먼트:  -Djdk.tls.ephemeralDHKeySize=2048
02-Jul-2024 08:42:05.092 정보 [main] org.apache.catalina.startup.VersionLoggerListener.log 명령 행 아규먼트:  -Djava.protocol.handler.pkgs=org.apache.catalina.webresources
02-Jul-2024 08:42:05.092 정보 [main] org.apache.catalina.startup.VersionLoggerListener.log 명령 행 아규먼트:  -Dorg.apache.catalina.security.SecurityListener.UMASK=0027
02-Jul-2024 08:42:05.092 정보 [main] org.apache.catalina.startup.VersionLoggerListener.log 명령 행 아규먼트:  -Dcatalina.base=c:\fullstack405\tomcat-10.1.24
02-Jul-2024 08:42:05.092 정보 [main] org.apache.catalina.startup.VersionLoggerListener.log 명령 행 아규먼트:  -Dcatalina.home=c:\fullstack405\tomcat-10.1.24
02-Jul-2024 08:42:05.092 정보 [main] org.apache.catalina.startup.VersionLoggerListener.log 명령 행 아규먼트:  -Djava.io.tmpdir=c:\fullstack405\tomcat-10.1.24/temp
02-Jul-2024 08:42:05.123 정보 [main] org.apache.catalina.core.AprLifecycleListener.lifecycleEvent APR 버전 [1.7.4]을(를) 사용한, APR 기반 Apache Tomcat Native 라이브러리 [2.0.7]을(를) 로드했습니다.
02-Jul-2024 08:42:05.128 정보 [main] org.apache.catalina.core.AprLifecycleListener.initializeSSL OpenSSL이 성공적으로 초기화되었습니다: [OpenSSL 3.0.13 30 Jan 2024]
02-Jul-2024 08:42:05.323 정보 [main] org.apache.coyote.AbstractProtocol.init 프로토콜 핸들러 ["http-nio-8080"]을(를) 초기화합니다.
02-Jul-2024 08:42:05.348 정보 [main] org.apache.catalina.startup.Catalina.load [417] 밀리초 내에 서버가 초기화되었습니다.
02-Jul-2024 08:42:05.410 정보 [main] org.apache.catalina.core.StandardService.startInternal 서비스 [Catalina]을(를) 시작합니다.
02-Jul-2024 08:42:05.411 정보 [main] org.apache.catalina.core.StandardEngine.startInternal 서버 엔진을 시작합니다: [Apache Tomcat/10.1.24]
02-Jul-2024 08:42:05.415 심각 [main] org.apache.catalina.realm.UserDatabaseRealm.getUserDatabase 키 [UserDatabase]을(를) 사용하여 사용자 데이터베이스를 찾는 중 예외 발생
	javax.naming.NameNotFoundException: Name [UserDatabase]은(는) 이 컨텍스트에 바인딩되지 않았습니다. [UserDatabase]을(를) 찾을 수 없습니다.
		at org.apache.naming.NamingContext.lookup(NamingContext.java:520)
		at org.apache.naming.NamingContext.lookup(NamingContext.java:155)
		at org.apache.catalina.realm.UserDatabaseRealm.getUserDatabase(UserDatabaseRealm.java:225)
		at org.apache.catalina.realm.UserDatabaseRealm.startInternal(UserDatabaseRealm.java:248)
		at org.apache.catalina.util.LifecycleBase.start(LifecycleBase.java:171)
		at org.apache.catalina.realm.CombinedRealm.startInternal(CombinedRealm.java:195)
		at org.apache.catalina.realm.LockOutRealm.startInternal(LockOutRealm.java:101)
		at org.apache.catalina.util.LifecycleBase.start(LifecycleBase.java:171)
		at org.apache.catalina.core.ContainerBase.startInternal(ContainerBase.java:742)
		at org.apache.catalina.core.StandardEngine.startInternal(StandardEngine.java:203)
		at org.apache.catalina.util.LifecycleBase.start(LifecycleBase.java:171)
		at org.apache.catalina.core.StandardService.startInternal(StandardService.java:415)
		at org.apache.catalina.util.LifecycleBase.start(LifecycleBase.java:171)
		at org.apache.catalina.core.StandardServer.startInternal(StandardServer.java:874)
		at org.apache.catalina.util.LifecycleBase.start(LifecycleBase.java:171)
		at org.apache.catalina.startup.Catalina.start(Catalina.java:757)
		at java.base/jdk.internal.reflect.NativeMethodAccessorImpl.invoke0(Native Method)
		at java.base/jdk.internal.reflect.NativeMethodAccessorImpl.invoke(NativeMethodAccessorImpl.java:77)
		at java.base/jdk.internal.reflect.DelegatingMethodAccessorImpl.invoke(DelegatingMethodAccessorImpl.java:43)
		at java.base/java.lang.reflect.Method.invoke(Method.java:568)
		at org.apache.catalina.startup.Bootstrap.start(Bootstrap.java:345)
		at org.apache.catalina.startup.Bootstrap.main(Bootstrap.java:473)
02-Jul-2024 08:42:05.420 심각 [main] org.apache.catalina.realm.CombinedRealm.startInternal [org.apache.catalina.realm.UserDatabaseRealm] realm을 시작하지 못했습니다.
	org.apache.catalina.LifecycleException: 키 [UserDatabase]을(를) 사용하여 UserDatabase 구성요소를 찾을 수 없습니다.
		at org.apache.catalina.realm.UserDatabaseRealm.startInternal(UserDatabaseRealm.java:250)
		at org.apache.catalina.util.LifecycleBase.start(LifecycleBase.java:171)
		at org.apache.catalina.realm.CombinedRealm.startInternal(CombinedRealm.java:195)
		at org.apache.catalina.realm.LockOutRealm.startInternal(LockOutRealm.java:101)
		at org.apache.catalina.util.LifecycleBase.start(LifecycleBase.java:171)
		at org.apache.catalina.core.ContainerBase.startInternal(ContainerBase.java:742)
		at org.apache.catalina.core.StandardEngine.startInternal(StandardEngine.java:203)
		at org.apache.catalina.util.LifecycleBase.start(LifecycleBase.java:171)
		at org.apache.catalina.core.StandardService.startInternal(StandardService.java:415)
		at org.apache.catalina.util.LifecycleBase.start(LifecycleBase.java:171)
		at org.apache.catalina.core.StandardServer.startInternal(StandardServer.java:874)
		at org.apache.catalina.util.LifecycleBase.start(LifecycleBase.java:171)
		at org.apache.catalina.startup.Catalina.start(Catalina.java:757)
		at java.base/jdk.internal.reflect.NativeMethodAccessorImpl.invoke0(Native Method)
		at java.base/jdk.internal.reflect.NativeMethodAccessorImpl.invoke(NativeMethodAccessorImpl.java:77)
		at java.base/jdk.internal.reflect.DelegatingMethodAccessorImpl.invoke(DelegatingMethodAccessorImpl.java:43)
		at java.base/java.lang.reflect.Method.invoke(Method.java:568)
		at org.apache.catalina.startup.Bootstrap.start(Bootstrap.java:345)
		at org.apache.catalina.startup.Bootstrap.main(Bootstrap.java:473)
02-Jul-2024 08:42:05.434 정보 [main] org.apache.catalina.startup.HostConfig.deployDirectory 웹 애플리케이션 디렉토리 [C:\fullstack405\tomcat-10.1.24\webapps\docs]을(를) 배치합니다.
02-Jul-2024 08:42:05.724 정보 [main] org.apache.catalina.startup.HostConfig.deployDirectory 웹 애플리케이션 디렉토리 [C:\fullstack405\tomcat-10.1.24\webapps\docs]에 대한 배치가 [288] 밀리초에 완료되었습니다.
02-Jul-2024 08:42:05.724 정보 [main] org.apache.catalina.startup.HostConfig.deployDirectory 웹 애플리케이션 디렉토리 [C:\fullstack405\tomcat-10.1.24\webapps\examples]을(를) 배치합니다.
02-Jul-2024 08:42:06.224 정보 [main] org.apache.catalina.startup.HostConfig.deployDirectory 웹 애플리케이션 디렉토리 [C:\fullstack405\tomcat-10.1.24\webapps\examples]에 대한 배치가 [500] 밀리초에 완료되었습니다.
02-Jul-2024 08:42:06.224 정보 [main] org.apache.catalina.startup.HostConfig.deployDirectory 웹 애플리케이션 디렉토리 [C:\fullstack405\tomcat-10.1.24\webapps\Gradle___bitc_fullstack405___jspTest_1_0_SNAPSHOT_war]을(를) 배치합니다.
02-Jul-2024 08:42:06.267 정보 [main] org.apache.catalina.startup.HostConfig.deployDirectory 웹 애플리케이션 디렉토리 [C:\fullstack405\tomcat-10.1.24\webapps\Gradle___bitc_fullstack405___jspTest_1_0_SNAPSHOT_war]에 대한 배치가 [43] 밀리초에 완료되었습니다.
02-Jul-2024 08:42:06.268 정보 [main] org.apache.catalina.startup.HostConfig.deployDirectory 웹 애플리케이션 디렉토리 [C:\fullstack405\tomcat-10.1.24\webapps\Gradle___bitc_fullstack405___LunchMenu_1_0_SNAPSHOT_war]을(를) 배치합니다.
02-Jul-2024 08:42:06.297 정보 [main] org.apache.catalina.startup.HostConfig.deployDirectory 웹 애플리케이션 디렉토리 [C:\fullstack405\tomcat-10.1.24\webapps\Gradle___bitc_fullstack405___LunchMenu_1_0_SNAPSHOT_war]에 대한 배치가 [30] 밀리초에 완료되었습니다.
02-Jul-2024 08:42:06.298 정보 [main] org.apache.catalina.startup.HostConfig.deployDirectory 웹 애플리케이션 디렉토리 [C:\fullstack405\tomcat-10.1.24\webapps\host-manager]을(를) 배치합니다.
02-Jul-2024 08:42:06.330 정보 [main] org.apache.catalina.startup.HostConfig.deployDirectory 웹 애플리케이션 디렉토리 [C:\fullstack405\tomcat-10.1.24\webapps\host-manager]에 대한 배치가 [32] 밀리초에 완료되었습니다.
02-Jul-2024 08:42:06.330 정보 [main] org.apache.catalina.startup.HostConfig.deployDirectory 웹 애플리케이션 디렉토리 [C:\fullstack405\tomcat-10.1.24\webapps\manager]을(를) 배치합니다.
02-Jul-2024 08:42:06.359 정보 [main] org.apache.catalina.startup.HostConfig.deployDirectory 웹 애플리케이션 디렉토리 [C:\fullstack405\tomcat-10.1.24\webapps\manager]에 대한 배치가 [29] 밀리초에 완료되었습니다.
02-Jul-2024 08:42:06.359 정보 [main] org.apache.catalina.startup.HostConfig.deployDirectory 웹 애플리케이션 디렉토리 [C:\fullstack405\tomcat-10.1.24\webapps\ROOT]을(를) 배치합니다.
02-Jul-2024 08:42:06.376 정보 [main] org.apache.catalina.startup.HostConfig.deployDirectory 웹 애플리케이션 디렉토리 [C:\fullstack405\tomcat-10.1.24\webapps\ROOT]에 대한 배치가 [17] 밀리초에 완료되었습니다.
02-Jul-2024 08:42:06.381 정보 [main] org.apache.coyote.AbstractProtocol.start 프로토콜 핸들러 ["http-nio-8080"]을(를) 시작합니다.
02-Jul-2024 08:42:06.410 정보 [main] org.apache.catalina.startup.Catalina.start 서버가 [1062] 밀리초 내에 시작되었습니다.
02-Jul-2024 09:05:22.184 정보 [main] org.apache.catalina.core.StandardServer.await 셧다운 포트를 통해 유효한 셧다운 명령을 받았습니다. 서버 인스턴스를 중지시킵니다.
02-Jul-2024 09:05:22.185 정보 [main] org.apache.coyote.AbstractProtocol.pause 프로토콜 핸들러 ["http-nio-8080"]을(를) 일시 정지 중
02-Jul-2024 09:05:22.191 정보 [main] org.apache.catalina.core.StandardService.stopInternal 서비스 [Catalina]을(를) 중지시킵니다.
02-Jul-2024 09:05:22.196 경고 [main] org.apache.catalina.loader.WebappClassLoaderBase.clearReferencesObjectStreamClassCaches Java 9 또는 이후 버전을 사용할 때에는, "--add-opens=java.base/java.io=ALL-UNNAMED" 을(를) JVM 명령행 아규먼트들에 추가해서, ObjectStream 캐시 메모리 릭 방지 옵션을 활성화할 필요가 있습니다. 또는 원하시는 경우, ObjectStream 클래스 캐시 메모리 릭 방지 옵션을 비활성화해서 이 경고 메시지를 없앨 수도 있습니다.
02-Jul-2024 09:05:22.197 경고 [main] org.apache.catalina.loader.WebappClassLoaderBase.checkThreadLocalsForLeaks ThreadLocal 메모리 누수 탐지를 위해서는 "--add-opens=java.base/java.lang=ALL-UNNAMED" 자바 명령 행 아규먼트를 추가하십시오. 또는 이 경고 메시지를 없애고 싶다면 ThreadLocal 메모리 누수 탐지 옵션을 비활성화 시키십시오.
02-Jul-2024 09:05:22.198 경고 [main] org.apache.catalina.loader.WebappClassLoaderBase.clearReferencesRmiTargets Java 9에서 실행하면서 RMI Target 메모리 누수 탐지를 사용 가능하게 하려면, "--add-opens=java.rmi/sun.rmi.transport=ALL-UNNAMED"를 JVM 명령 행 아규먼트에 추가해야 합니다. 또는, RMI Target 메모리 누수 탐지를 사용불능 상태로 설정함으로써, 이 경고를 없앨 수도 있습니다.
02-Jul-2024 09:05:22.203 경고 [main] org.apache.catalina.loader.WebappClassLoaderBase.clearReferencesObjectStreamClassCaches Java 9 또는 이후 버전을 사용할 때에는, "--add-opens=java.base/java.io=ALL-UNNAMED" 을(를) JVM 명령행 아규먼트들에 추가해서, ObjectStream 캐시 메모리 릭 방지 옵션을 활성화할 필요가 있습니다. 또는 원하시는 경우, ObjectStream 클래스 캐시 메모리 릭 방지 옵션을 비활성화해서 이 경고 메시지를 없앨 수도 있습니다.
02-Jul-2024 09:05:22.203 경고 [main] org.apache.catalina.loader.WebappClassLoaderBase.checkThreadLocalsForLeaks ThreadLocal 메모리 누수 탐지를 위해서는 "--add-opens=java.base/java.lang=ALL-UNNAMED" 자바 명령 행 아규먼트를 추가하십시오. 또는 이 경고 메시지를 없애고 싶다면 ThreadLocal 메모리 누수 탐지 옵션을 비활성화 시키십시오.
02-Jul-2024 09:05:22.203 경고 [main] org.apache.catalina.loader.WebappClassLoaderBase.clearReferencesRmiTargets Java 9에서 실행하면서 RMI Target 메모리 누수 탐지를 사용 가능하게 하려면, "--add-opens=java.rmi/sun.rmi.transport=ALL-UNNAMED"를 JVM 명령 행 아규먼트에 추가해야 합니다. 또는, RMI Target 메모리 누수 탐지를 사용불능 상태로 설정함으로써, 이 경고를 없앨 수도 있습니다.
02-Jul-2024 09:05:22.207 경고 [main] org.apache.catalina.loader.WebappClassLoaderBase.clearReferencesObjectStreamClassCaches Java 9 또는 이후 버전을 사용할 때에는, "--add-opens=java.base/java.io=ALL-UNNAMED" 을(를) JVM 명령행 아규먼트들에 추가해서, ObjectStream 캐시 메모리 릭 방지 옵션을 활성화할 필요가 있습니다. 또는 원하시는 경우, ObjectStream 클래스 캐시 메모리 릭 방지 옵션을 비활성화해서 이 경고 메시지를 없앨 수도 있습니다.
02-Jul-2024 09:05:22.207 경고 [main] org.apache.catalina.loader.WebappClassLoaderBase.checkThreadLocalsForLeaks ThreadLocal 메모리 누수 탐지를 위해서는 "--add-opens=java.base/java.lang=ALL-UNNAMED" 자바 명령 행 아규먼트를 추가하십시오. 또는 이 경고 메시지를 없애고 싶다면 ThreadLocal 메모리 누수 탐지 옵션을 비활성화 시키십시오.
02-Jul-2024 09:05:22.207 경고 [main] org.apache.catalina.loader.WebappClassLoaderBase.clearReferencesRmiTargets Java 9에서 실행하면서 RMI Target 메모리 누수 탐지를 사용 가능하게 하려면, "--add-opens=java.rmi/sun.rmi.transport=ALL-UNNAMED"를 JVM 명령 행 아규먼트에 추가해야 합니다. 또는, RMI Target 메모리 누수 탐지를 사용불능 상태로 설정함으로써, 이 경고를 없앨 수도 있습니다.
02-Jul-2024 09:05:22.209 경고 [main] org.apache.catalina.loader.WebappClassLoaderBase.clearReferencesObjectStreamClassCaches Java 9 또는 이후 버전을 사용할 때에는, "--add-opens=java.base/java.io=ALL-UNNAMED" 을(를) JVM 명령행 아규먼트들에 추가해서, ObjectStream 캐시 메모리 릭 방지 옵션을 활성화할 필요가 있습니다. 또는 원하시는 경우, ObjectStream 클래스 캐시 메모리 릭 방지 옵션을 비활성화해서 이 경고 메시지를 없앨 수도 있습니다.
02-Jul-2024 09:05:22.209 경고 [main] org.apache.catalina.loader.WebappClassLoaderBase.checkThreadLocalsForLeaks ThreadLocal 메모리 누수 탐지를 위해서는 "--add-opens=java.base/java.lang=ALL-UNNAMED" 자바 명령 행 아규먼트를 추가하십시오. 또는 이 경고 메시지를 없애고 싶다면 ThreadLocal 메모리 누수 탐지 옵션을 비활성화 시키십시오.
02-Jul-2024 09:05:22.209 경고 [main] org.apache.catalina.loader.WebappClassLoaderBase.clearReferencesRmiTargets Java 9에서 실행하면서 RMI Target 메모리 누수 탐지를 사용 가능하게 하려면, "--add-opens=java.rmi/sun.rmi.transport=ALL-UNNAMED"를 JVM 명령 행 아규먼트에 추가해야 합니다. 또는, RMI Target 메모리 누수 탐지를 사용불능 상태로 설정함으로써, 이 경고를 없앨 수도 있습니다.
02-Jul-2024 09:05:22.211 경고 [main] org.apache.catalina.loader.WebappClassLoaderBase.clearReferencesObjectStreamClassCaches Java 9 또는 이후 버전을 사용할 때에는, "--add-opens=java.base/java.io=ALL-UNNAMED" 을(를) JVM 명령행 아규먼트들에 추가해서, ObjectStream 캐시 메모리 릭 방지 옵션을 활성화할 필요가 있습니다. 또는 원하시는 경우, ObjectStream 클래스 캐시 메모리 릭 방지 옵션을 비활성화해서 이 경고 메시지를 없앨 수도 있습니다.
02-Jul-2024 09:05:22.212 경고 [main] org.apache.catalina.loader.WebappClassLoaderBase.checkThreadLocalsForLeaks ThreadLocal 메모리 누수 탐지를 위해서는 "--add-opens=java.base/java.lang=ALL-UNNAMED" 자바 명령 행 아규먼트를 추가하십시오. 또는 이 경고 메시지를 없애고 싶다면 ThreadLocal 메모리 누수 탐지 옵션을 비활성화 시키십시오.
02-Jul-2024 09:05:22.212 경고 [main] org.apache.catalina.loader.WebappClassLoaderBase.clearReferencesRmiTargets Java 9에서 실행하면서 RMI Target 메모리 누수 탐지를 사용 가능하게 하려면, "--add-opens=java.rmi/sun.rmi.transport=ALL-UNNAMED"를 JVM 명령 행 아규먼트에 추가해야 합니다. 또는, RMI Target 메모리 누수 탐지를 사용불능 상태로 설정함으로써, 이 경고를 없앨 수도 있습니다.
02-Jul-2024 09:05:22.214 경고 [main] org.apache.catalina.loader.WebappClassLoaderBase.clearReferencesObjectStreamClassCaches Java 9 또는 이후 버전을 사용할 때에는, "--add-opens=java.base/java.io=ALL-UNNAMED" 을(를) JVM 명령행 아규먼트들에 추가해서, ObjectStream 캐시 메모리 릭 방지 옵션을 활성화할 필요가 있습니다. 또는 원하시는 경우, ObjectStream 클래스 캐시 메모리 릭 방지 옵션을 비활성화해서 이 경고 메시지를 없앨 수도 있습니다.
02-Jul-2024 09:05:22.214 경고 [main] org.apache.catalina.loader.WebappClassLoaderBase.checkThreadLocalsForLeaks ThreadLocal 메모리 누수 탐지를 위해서는 "--add-opens=java.base/java.lang=ALL-UNNAMED" 자바 명령 행 아규먼트를 추가하십시오. 또는 이 경고 메시지를 없애고 싶다면 ThreadLocal 메모리 누수 탐지 옵션을 비활성화 시키십시오.
02-Jul-2024 09:05:22.214 경고 [main] org.apache.catalina.loader.WebappClassLoaderBase.clearReferencesRmiTargets Java 9에서 실행하면서 RMI Target 메모리 누수 탐지를 사용 가능하게 하려면, "--add-opens=java.rmi/sun.rmi.transport=ALL-UNNAMED"를 JVM 명령 행 아규먼트에 추가해야 합니다. 또는, RMI Target 메모리 누수 탐지를 사용불능 상태로 설정함으로써, 이 경고를 없앨 수도 있습니다.
02-Jul-2024 09:05:22.216 경고 [main] org.apache.catalina.loader.WebappClassLoaderBase.clearReferencesObjectStreamClassCaches Java 9 또는 이후 버전을 사용할 때에는, "--add-opens=java.base/java.io=ALL-UNNAMED" 을(를) JVM 명령행 아규먼트들에 추가해서, ObjectStream 캐시 메모리 릭 방지 옵션을 활성화할 필요가 있습니다. 또는 원하시는 경우, ObjectStream 클래스 캐시 메모리 릭 방지 옵션을 비활성화해서 이 경고 메시지를 없앨 수도 있습니다.
02-Jul-2024 09:05:22.217 경고 [main] org.apache.catalina.loader.WebappClassLoaderBase.checkThreadLocalsForLeaks ThreadLocal 메모리 누수 탐지를 위해서는 "--add-opens=java.base/java.lang=ALL-UNNAMED" 자바 명령 행 아규먼트를 추가하십시오. 또는 이 경고 메시지를 없애고 싶다면 ThreadLocal 메모리 누수 탐지 옵션을 비활성화 시키십시오.
02-Jul-2024 09:05:22.217 경고 [main] org.apache.catalina.loader.WebappClassLoaderBase.clearReferencesRmiTargets Java 9에서 실행하면서 RMI Target 메모리 누수 탐지를 사용 가능하게 하려면, "--add-opens=java.rmi/sun.rmi.transport=ALL-UNNAMED"를 JVM 명령 행 아규먼트에 추가해야 합니다. 또는, RMI Target 메모리 누수 탐지를 사용불능 상태로 설정함으로써, 이 경고를 없앨 수도 있습니다.
02-Jul-2024 09:05:22.217 정보 [main] org.apache.coyote.AbstractProtocol.stop 프로토콜 핸들러 ["http-nio-8080"]을(를) 중지시킵니다.
02-Jul-2024 09:05:22.235 정보 [main] org.apache.coyote.AbstractProtocol.destroy 프로토콜 핸들러 ["http-nio-8080"]을(를) 소멸시킵니다.
