20-Jun-2024 17:18:49.036 정보 [main] org.apache.catalina.startup.VersionLoggerListener.log 서버 버전 이름:    Apache Tomcat/10.1.24
20-Jun-2024 17:18:49.039 정보 [main] org.apache.catalina.startup.VersionLoggerListener.log Server 빌드 시각:  May 9 2024 17:41:23 UTC
20-Jun-2024 17:18:49.039 정보 [main] org.apache.catalina.startup.VersionLoggerListener.log Server 버전 번호:  10.1.24.0
20-Jun-2024 17:18:49.039 정보 [main] org.apache.catalina.startup.VersionLoggerListener.log 운영체제 이름:     Windows 10
20-Jun-2024 17:18:49.039 정보 [main] org.apache.catalina.startup.VersionLoggerListener.log 운영체제 버전:     10.0
20-Jun-2024 17:18:49.040 정보 [main] org.apache.catalina.startup.VersionLoggerListener.log 아키텍처:          amd64
20-Jun-2024 17:18:49.040 정보 [main] org.apache.catalina.startup.VersionLoggerListener.log 자바 홈:           C:\Program Files\Amazon Corretto\jdk17.0.11_9
20-Jun-2024 17:18:49.040 정보 [main] org.apache.catalina.startup.VersionLoggerListener.log JVM 버전:          17.0.11+9-LTS
20-Jun-2024 17:18:49.040 정보 [main] org.apache.catalina.startup.VersionLoggerListener.log JVM 벤더:          Amazon.com Inc.
20-Jun-2024 17:18:49.040 정보 [main] org.apache.catalina.startup.VersionLoggerListener.log CATALINA_BASE:     C:\fullstack405\tomcat-10.1.24
20-Jun-2024 17:18:49.040 정보 [main] org.apache.catalina.startup.VersionLoggerListener.log CATALINA_HOME:     C:\fullstack405\tomcat-10.1.24
20-Jun-2024 17:18:49.050 정보 [main] org.apache.catalina.startup.VersionLoggerListener.log 명령 행 아규먼트:  -Djava.util.logging.config.file=c:\fullstack405\tomcat-10.1.24/conf/logging.properties
20-Jun-2024 17:18:49.050 정보 [main] org.apache.catalina.startup.VersionLoggerListener.log 명령 행 아규먼트:  -Djava.util.logging.manager=org.apache.juli.ClassLoaderLogManager
20-Jun-2024 17:18:49.050 정보 [main] org.apache.catalina.startup.VersionLoggerListener.log 명령 행 아규먼트:  -Djdk.tls.ephemeralDHKeySize=2048
20-Jun-2024 17:18:49.051 정보 [main] org.apache.catalina.startup.VersionLoggerListener.log 명령 행 아규먼트:  -Djava.protocol.handler.pkgs=org.apache.catalina.webresources
20-Jun-2024 17:18:49.051 정보 [main] org.apache.catalina.startup.VersionLoggerListener.log 명령 행 아규먼트:  -Dorg.apache.catalina.security.SecurityListener.UMASK=0027
20-Jun-2024 17:18:49.051 정보 [main] org.apache.catalina.startup.VersionLoggerListener.log 명령 행 아규먼트:  -Dcatalina.base=c:\fullstack405\tomcat-10.1.24
20-Jun-2024 17:18:49.051 정보 [main] org.apache.catalina.startup.VersionLoggerListener.log 명령 행 아규먼트:  -Dcatalina.home=c:\fullstack405\tomcat-10.1.24
20-Jun-2024 17:18:49.051 정보 [main] org.apache.catalina.startup.VersionLoggerListener.log 명령 행 아규먼트:  -Djava.io.tmpdir=c:\fullstack405\tomcat-10.1.24/temp
20-Jun-2024 17:18:49.089 정보 [main] org.apache.catalina.core.AprLifecycleListener.lifecycleEvent APR 버전 [1.7.4]을(를) 사용한, APR 기반 Apache Tomcat Native 라이브러리 [2.0.7]을(를) 로드했습니다.
20-Jun-2024 17:18:49.094 정보 [main] org.apache.catalina.core.AprLifecycleListener.initializeSSL OpenSSL이 성공적으로 초기화되었습니다: [OpenSSL 3.0.13 30 Jan 2024]
20-Jun-2024 17:18:49.279 정보 [main] org.apache.coyote.AbstractProtocol.init 프로토콜 핸들러 ["http-nio-8080"]을(를) 초기화합니다.
20-Jun-2024 17:18:49.299 정보 [main] org.apache.catalina.startup.Catalina.load [396] 밀리초 내에 서버가 초기화되었습니다.
20-Jun-2024 17:18:49.337 정보 [main] org.apache.catalina.core.StandardService.startInternal 서비스 [Catalina]을(를) 시작합니다.
20-Jun-2024 17:18:49.337 정보 [main] org.apache.catalina.core.StandardEngine.startInternal 서버 엔진을 시작합니다: [Apache Tomcat/10.1.24]
20-Jun-2024 17:18:49.348 정보 [main] org.apache.catalina.startup.HostConfig.deployDirectory 웹 애플리케이션 디렉토리 [C:\fullstack405\tomcat-10.1.24\webapps\docs]을(를) 배치합니다.
20-Jun-2024 17:18:49.625 정보 [main] org.apache.catalina.startup.HostConfig.deployDirectory 웹 애플리케이션 디렉토리 [C:\fullstack405\tomcat-10.1.24\webapps\docs]에 대한 배치가 [275] 밀리초에 완료되었습니다.
20-Jun-2024 17:18:49.625 정보 [main] org.apache.catalina.startup.HostConfig.deployDirectory 웹 애플리케이션 디렉토리 [C:\fullstack405\tomcat-10.1.24\webapps\examples]을(를) 배치합니다.
20-Jun-2024 17:18:50.141 정보 [main] org.apache.catalina.startup.HostConfig.deployDirectory 웹 애플리케이션 디렉토리 [C:\fullstack405\tomcat-10.1.24\webapps\examples]에 대한 배치가 [516] 밀리초에 완료되었습니다.
20-Jun-2024 17:18:50.141 정보 [main] org.apache.catalina.startup.HostConfig.deployDirectory 웹 애플리케이션 디렉토리 [C:\fullstack405\tomcat-10.1.24\webapps\Gradle___bitc_fullstack405___jspTest_1_0_SNAPSHOT_war]을(를) 배치합니다.
20-Jun-2024 17:18:50.180 정보 [main] org.apache.catalina.startup.HostConfig.deployDirectory 웹 애플리케이션 디렉토리 [C:\fullstack405\tomcat-10.1.24\webapps\Gradle___bitc_fullstack405___jspTest_1_0_SNAPSHOT_war]에 대한 배치가 [38] 밀리초에 완료되었습니다.
20-Jun-2024 17:18:50.180 정보 [main] org.apache.catalina.startup.HostConfig.deployDirectory 웹 애플리케이션 디렉토리 [C:\fullstack405\tomcat-10.1.24\webapps\host-manager]을(를) 배치합니다.
20-Jun-2024 17:18:50.214 정보 [main] org.apache.catalina.startup.HostConfig.deployDirectory 웹 애플리케이션 디렉토리 [C:\fullstack405\tomcat-10.1.24\webapps\host-manager]에 대한 배치가 [34] 밀리초에 완료되었습니다.
20-Jun-2024 17:18:50.214 정보 [main] org.apache.catalina.startup.HostConfig.deployDirectory 웹 애플리케이션 디렉토리 [C:\fullstack405\tomcat-10.1.24\webapps\manager]을(를) 배치합니다.
20-Jun-2024 17:18:50.245 정보 [main] org.apache.catalina.startup.HostConfig.deployDirectory 웹 애플리케이션 디렉토리 [C:\fullstack405\tomcat-10.1.24\webapps\manager]에 대한 배치가 [31] 밀리초에 완료되었습니다.
20-Jun-2024 17:18:50.245 정보 [main] org.apache.catalina.startup.HostConfig.deployDirectory 웹 애플리케이션 디렉토리 [C:\fullstack405\tomcat-10.1.24\webapps\ROOT]을(를) 배치합니다.
20-Jun-2024 17:18:50.268 정보 [main] org.apache.catalina.startup.HostConfig.deployDirectory 웹 애플리케이션 디렉토리 [C:\fullstack405\tomcat-10.1.24\webapps\ROOT]에 대한 배치가 [23] 밀리초에 완료되었습니다.
20-Jun-2024 17:18:50.273 정보 [main] org.apache.coyote.AbstractProtocol.start 프로토콜 핸들러 ["http-nio-8080"]을(를) 시작합니다.
20-Jun-2024 17:18:50.303 정보 [main] org.apache.catalina.startup.Catalina.start 서버가 [1003] 밀리초 내에 시작되었습니다.
20-Jun-2024 17:22:19.544 정보 [main] org.apache.catalina.core.StandardServer.await 셧다운 포트를 통해 유효한 셧다운 명령을 받았습니다. 서버 인스턴스를 중지시킵니다.
20-Jun-2024 17:22:19.545 정보 [main] org.apache.coyote.AbstractProtocol.pause 프로토콜 핸들러 ["http-nio-8080"]을(를) 일시 정지 중
20-Jun-2024 17:22:19.549 정보 [main] org.apache.catalina.core.StandardService.stopInternal 서비스 [Catalina]을(를) 중지시킵니다.
20-Jun-2024 17:22:19.553 경고 [main] org.apache.catalina.loader.WebappClassLoaderBase.clearReferencesObjectStreamClassCaches Java 9 또는 이후 버전을 사용할 때에는, "--add-opens=java.base/java.io=ALL-UNNAMED" 을(를) JVM 명령행 아규먼트들에 추가해서, ObjectStream 캐시 메모리 릭 방지 옵션을 활성화할 필요가 있습니다. 또는 원하시는 경우, ObjectStream 클래스 캐시 메모리 릭 방지 옵션을 비활성화해서 이 경고 메시지를 없앨 수도 있습니다.
20-Jun-2024 17:22:19.553 경고 [main] org.apache.catalina.loader.WebappClassLoaderBase.checkThreadLocalsForLeaks ThreadLocal 메모리 누수 탐지를 위해서는 "--add-opens=java.base/java.lang=ALL-UNNAMED" 자바 명령 행 아규먼트를 추가하십시오. 또는 이 경고 메시지를 없애고 싶다면 ThreadLocal 메모리 누수 탐지 옵션을 비활성화 시키십시오.
20-Jun-2024 17:22:19.554 경고 [main] org.apache.catalina.loader.WebappClassLoaderBase.clearReferencesRmiTargets Java 9에서 실행하면서 RMI Target 메모리 누수 탐지를 사용 가능하게 하려면, "--add-opens=java.rmi/sun.rmi.transport=ALL-UNNAMED"를 JVM 명령 행 아규먼트에 추가해야 합니다. 또는, RMI Target 메모리 누수 탐지를 사용불능 상태로 설정함으로써, 이 경고를 없앨 수도 있습니다.
20-Jun-2024 17:22:19.556 경고 [main] org.apache.catalina.loader.WebappClassLoaderBase.clearReferencesObjectStreamClassCaches Java 9 또는 이후 버전을 사용할 때에는, "--add-opens=java.base/java.io=ALL-UNNAMED" 을(를) JVM 명령행 아규먼트들에 추가해서, ObjectStream 캐시 메모리 릭 방지 옵션을 활성화할 필요가 있습니다. 또는 원하시는 경우, ObjectStream 클래스 캐시 메모리 릭 방지 옵션을 비활성화해서 이 경고 메시지를 없앨 수도 있습니다.
20-Jun-2024 17:22:19.556 경고 [main] org.apache.catalina.loader.WebappClassLoaderBase.checkThreadLocalsForLeaks ThreadLocal 메모리 누수 탐지를 위해서는 "--add-opens=java.base/java.lang=ALL-UNNAMED" 자바 명령 행 아규먼트를 추가하십시오. 또는 이 경고 메시지를 없애고 싶다면 ThreadLocal 메모리 누수 탐지 옵션을 비활성화 시키십시오.
20-Jun-2024 17:22:19.556 경고 [main] org.apache.catalina.loader.WebappClassLoaderBase.clearReferencesRmiTargets Java 9에서 실행하면서 RMI Target 메모리 누수 탐지를 사용 가능하게 하려면, "--add-opens=java.rmi/sun.rmi.transport=ALL-UNNAMED"를 JVM 명령 행 아규먼트에 추가해야 합니다. 또는, RMI Target 메모리 누수 탐지를 사용불능 상태로 설정함으로써, 이 경고를 없앨 수도 있습니다.
20-Jun-2024 17:22:19.558 경고 [main] org.apache.catalina.loader.WebappClassLoaderBase.clearReferencesObjectStreamClassCaches Java 9 또는 이후 버전을 사용할 때에는, "--add-opens=java.base/java.io=ALL-UNNAMED" 을(를) JVM 명령행 아규먼트들에 추가해서, ObjectStream 캐시 메모리 릭 방지 옵션을 활성화할 필요가 있습니다. 또는 원하시는 경우, ObjectStream 클래스 캐시 메모리 릭 방지 옵션을 비활성화해서 이 경고 메시지를 없앨 수도 있습니다.
20-Jun-2024 17:22:19.558 경고 [main] org.apache.catalina.loader.WebappClassLoaderBase.checkThreadLocalsForLeaks ThreadLocal 메모리 누수 탐지를 위해서는 "--add-opens=java.base/java.lang=ALL-UNNAMED" 자바 명령 행 아규먼트를 추가하십시오. 또는 이 경고 메시지를 없애고 싶다면 ThreadLocal 메모리 누수 탐지 옵션을 비활성화 시키십시오.
20-Jun-2024 17:22:19.558 경고 [main] org.apache.catalina.loader.WebappClassLoaderBase.clearReferencesRmiTargets Java 9에서 실행하면서 RMI Target 메모리 누수 탐지를 사용 가능하게 하려면, "--add-opens=java.rmi/sun.rmi.transport=ALL-UNNAMED"를 JVM 명령 행 아규먼트에 추가해야 합니다. 또는, RMI Target 메모리 누수 탐지를 사용불능 상태로 설정함으로써, 이 경고를 없앨 수도 있습니다.
20-Jun-2024 17:22:19.559 경고 [main] org.apache.catalina.loader.WebappClassLoaderBase.clearReferencesObjectStreamClassCaches Java 9 또는 이후 버전을 사용할 때에는, "--add-opens=java.base/java.io=ALL-UNNAMED" 을(를) JVM 명령행 아규먼트들에 추가해서, ObjectStream 캐시 메모리 릭 방지 옵션을 활성화할 필요가 있습니다. 또는 원하시는 경우, ObjectStream 클래스 캐시 메모리 릭 방지 옵션을 비활성화해서 이 경고 메시지를 없앨 수도 있습니다.
20-Jun-2024 17:22:19.560 경고 [main] org.apache.catalina.loader.WebappClassLoaderBase.checkThreadLocalsForLeaks ThreadLocal 메모리 누수 탐지를 위해서는 "--add-opens=java.base/java.lang=ALL-UNNAMED" 자바 명령 행 아규먼트를 추가하십시오. 또는 이 경고 메시지를 없애고 싶다면 ThreadLocal 메모리 누수 탐지 옵션을 비활성화 시키십시오.
20-Jun-2024 17:22:19.560 경고 [main] org.apache.catalina.loader.WebappClassLoaderBase.clearReferencesRmiTargets Java 9에서 실행하면서 RMI Target 메모리 누수 탐지를 사용 가능하게 하려면, "--add-opens=java.rmi/sun.rmi.transport=ALL-UNNAMED"를 JVM 명령 행 아규먼트에 추가해야 합니다. 또는, RMI Target 메모리 누수 탐지를 사용불능 상태로 설정함으로써, 이 경고를 없앨 수도 있습니다.
20-Jun-2024 17:22:19.561 경고 [main] org.apache.catalina.loader.WebappClassLoaderBase.clearReferencesObjectStreamClassCaches Java 9 또는 이후 버전을 사용할 때에는, "--add-opens=java.base/java.io=ALL-UNNAMED" 을(를) JVM 명령행 아규먼트들에 추가해서, ObjectStream 캐시 메모리 릭 방지 옵션을 활성화할 필요가 있습니다. 또는 원하시는 경우, ObjectStream 클래스 캐시 메모리 릭 방지 옵션을 비활성화해서 이 경고 메시지를 없앨 수도 있습니다.
20-Jun-2024 17:22:19.561 경고 [main] org.apache.catalina.loader.WebappClassLoaderBase.checkThreadLocalsForLeaks ThreadLocal 메모리 누수 탐지를 위해서는 "--add-opens=java.base/java.lang=ALL-UNNAMED" 자바 명령 행 아규먼트를 추가하십시오. 또는 이 경고 메시지를 없애고 싶다면 ThreadLocal 메모리 누수 탐지 옵션을 비활성화 시키십시오.
20-Jun-2024 17:22:19.561 경고 [main] org.apache.catalina.loader.WebappClassLoaderBase.clearReferencesRmiTargets Java 9에서 실행하면서 RMI Target 메모리 누수 탐지를 사용 가능하게 하려면, "--add-opens=java.rmi/sun.rmi.transport=ALL-UNNAMED"를 JVM 명령 행 아규먼트에 추가해야 합니다. 또는, RMI Target 메모리 누수 탐지를 사용불능 상태로 설정함으로써, 이 경고를 없앨 수도 있습니다.
20-Jun-2024 17:22:19.562 경고 [main] org.apache.catalina.loader.WebappClassLoaderBase.clearReferencesObjectStreamClassCaches Java 9 또는 이후 버전을 사용할 때에는, "--add-opens=java.base/java.io=ALL-UNNAMED" 을(를) JVM 명령행 아규먼트들에 추가해서, ObjectStream 캐시 메모리 릭 방지 옵션을 활성화할 필요가 있습니다. 또는 원하시는 경우, ObjectStream 클래스 캐시 메모리 릭 방지 옵션을 비활성화해서 이 경고 메시지를 없앨 수도 있습니다.
20-Jun-2024 17:22:19.562 경고 [main] org.apache.catalina.loader.WebappClassLoaderBase.checkThreadLocalsForLeaks ThreadLocal 메모리 누수 탐지를 위해서는 "--add-opens=java.base/java.lang=ALL-UNNAMED" 자바 명령 행 아규먼트를 추가하십시오. 또는 이 경고 메시지를 없애고 싶다면 ThreadLocal 메모리 누수 탐지 옵션을 비활성화 시키십시오.
20-Jun-2024 17:22:19.563 경고 [main] org.apache.catalina.loader.WebappClassLoaderBase.clearReferencesRmiTargets Java 9에서 실행하면서 RMI Target 메모리 누수 탐지를 사용 가능하게 하려면, "--add-opens=java.rmi/sun.rmi.transport=ALL-UNNAMED"를 JVM 명령 행 아규먼트에 추가해야 합니다. 또는, RMI Target 메모리 누수 탐지를 사용불능 상태로 설정함으로써, 이 경고를 없앨 수도 있습니다.
20-Jun-2024 17:22:19.563 정보 [main] org.apache.coyote.AbstractProtocol.stop 프로토콜 핸들러 ["http-nio-8080"]을(를) 중지시킵니다.
20-Jun-2024 17:22:19.581 정보 [main] org.apache.coyote.AbstractProtocol.destroy 프로토콜 핸들러 ["http-nio-8080"]을(를) 소멸시킵니다.
