18-Jun-2024 10:07:56.950 정보 [main] org.apache.catalina.core.ApplicationContext.log ContextListener: contextInitialized()
18-Jun-2024 10:07:56.951 정보 [main] org.apache.catalina.core.ApplicationContext.log SessionListener: contextInitialized()
18-Jun-2024 10:07:56.952 정보 [main] org.apache.catalina.core.ApplicationContext.log ContextListener: attributeAdded('StockTicker', 'async.Stockticker@4eed46ee')
18-Jun-2024 10:18:49.602 정보 [main] org.apache.catalina.core.ApplicationContext.log ContextListener: contextInitialized()
18-Jun-2024 10:18:49.603 정보 [main] org.apache.catalina.core.ApplicationContext.log SessionListener: contextInitialized()
18-Jun-2024 10:18:49.604 정보 [main] org.apache.catalina.core.ApplicationContext.log ContextListener: attributeAdded('StockTicker', 'async.Stockticker@475835b1')
18-Jun-2024 10:19:15.941 정보 [main] org.apache.catalina.core.ApplicationContext.log SessionListener: contextDestroyed()
18-Jun-2024 10:19:15.941 정보 [main] org.apache.catalina.core.ApplicationContext.log ContextListener: contextDestroyed()
18-Jun-2024 10:19:48.617 정보 [main] org.apache.catalina.core.ApplicationContext.log ContextListener: contextInitialized()
18-Jun-2024 10:19:48.617 정보 [main] org.apache.catalina.core.ApplicationContext.log SessionListener: contextInitialized()
18-Jun-2024 10:19:48.618 정보 [main] org.apache.catalina.core.ApplicationContext.log ContextListener: attributeAdded('StockTicker', 'async.Stockticker@4fad94a7')
18-Jun-2024 10:20:08.484 정보 [main] org.apache.catalina.core.ApplicationContext.log SessionListener: contextDestroyed()
18-Jun-2024 10:20:08.484 정보 [main] org.apache.catalina.core.ApplicationContext.log ContextListener: contextDestroyed()
18-Jun-2024 10:20:23.649 정보 [main] org.apache.catalina.core.ApplicationContext.log ContextListener: contextInitialized()
18-Jun-2024 10:20:23.649 정보 [main] org.apache.catalina.core.ApplicationContext.log SessionListener: contextInitialized()
18-Jun-2024 10:20:23.650 정보 [main] org.apache.catalina.core.ApplicationContext.log ContextListener: attributeAdded('StockTicker', 'async.Stockticker@fd0e5b6')
18-Jun-2024 10:20:28.760 정보 [main] org.apache.catalina.core.ApplicationContext.log SessionListener: contextDestroyed()
18-Jun-2024 10:20:28.760 정보 [main] org.apache.catalina.core.ApplicationContext.log ContextListener: contextDestroyed()
18-Jun-2024 10:20:39.303 정보 [main] org.apache.catalina.core.ApplicationContext.log ContextListener: contextInitialized()
18-Jun-2024 10:20:39.303 정보 [main] org.apache.catalina.core.ApplicationContext.log SessionListener: contextInitialized()
18-Jun-2024 10:20:39.304 정보 [main] org.apache.catalina.core.ApplicationContext.log ContextListener: attributeAdded('StockTicker', 'async.Stockticker@475835b1')
18-Jun-2024 10:20:42.997 정보 [main] org.apache.catalina.core.ApplicationContext.log SessionListener: contextDestroyed()
18-Jun-2024 10:20:42.997 정보 [main] org.apache.catalina.core.ApplicationContext.log ContextListener: contextDestroyed()
18-Jun-2024 10:35:20.025 정보 [main] org.apache.catalina.core.ApplicationContext.log ContextListener: contextInitialized()
18-Jun-2024 10:35:20.025 정보 [main] org.apache.catalina.core.ApplicationContext.log SessionListener: contextInitialized()
18-Jun-2024 10:35:20.027 정보 [main] org.apache.catalina.core.ApplicationContext.log ContextListener: attributeAdded('StockTicker', 'async.Stockticker@4fad94a7')
18-Jun-2024 10:49:14.365 정보 [main] org.apache.catalina.core.ApplicationContext.log SessionListener: contextDestroyed()
18-Jun-2024 10:49:14.365 정보 [main] org.apache.catalina.core.ApplicationContext.log ContextListener: contextDestroyed()
18-Jun-2024 11:20:01.557 정보 [main] org.apache.catalina.core.ApplicationContext.log ContextListener: contextInitialized()
18-Jun-2024 11:20:01.557 정보 [main] org.apache.catalina.core.ApplicationContext.log SessionListener: contextInitialized()
18-Jun-2024 11:20:01.558 정보 [main] org.apache.catalina.core.ApplicationContext.log ContextListener: attributeAdded('StockTicker', 'async.Stockticker@bcec031')
18-Jun-2024 11:20:01.697 정보 [main] org.apache.catalina.core.ApplicationContext.log SessionListener: contextDestroyed()
18-Jun-2024 11:20:01.697 정보 [main] org.apache.catalina.core.ApplicationContext.log ContextListener: contextDestroyed()
18-Jun-2024 11:23:50.209 정보 [main] org.apache.catalina.core.ApplicationContext.log ContextListener: contextInitialized()
18-Jun-2024 11:23:50.209 정보 [main] org.apache.catalina.core.ApplicationContext.log SessionListener: contextInitialized()
18-Jun-2024 11:23:50.210 정보 [main] org.apache.catalina.core.ApplicationContext.log ContextListener: attributeAdded('StockTicker', 'async.Stockticker@bcec031')
18-Jun-2024 11:23:50.351 정보 [main] org.apache.catalina.core.ApplicationContext.log SessionListener: contextDestroyed()
18-Jun-2024 11:23:50.351 정보 [main] org.apache.catalina.core.ApplicationContext.log ContextListener: contextDestroyed()
