01-Jul-2024 12:20:29.817 정보 [main] org.apache.catalina.core.ApplicationContext.log ContextListener: contextInitialized()
01-Jul-2024 12:20:29.817 정보 [main] org.apache.catalina.core.ApplicationContext.log SessionListener: contextInitialized()
01-Jul-2024 12:20:29.819 정보 [main] org.apache.catalina.core.ApplicationContext.log ContextListener: attributeAdded('StockTicker', 'async.Stockticker@611f8234')
01-Jul-2024 12:27:28.208 정보 [main] org.apache.catalina.core.ApplicationContext.log SessionListener: contextDestroyed()
01-Jul-2024 12:27:28.208 정보 [main] org.apache.catalina.core.ApplicationContext.log ContextListener: contextDestroyed()
01-Jul-2024 12:29:17.592 정보 [main] org.apache.catalina.core.ApplicationContext.log ContextListener: contextInitialized()
01-Jul-2024 12:29:17.592 정보 [main] org.apache.catalina.core.ApplicationContext.log SessionListener: contextInitialized()
01-Jul-2024 12:29:17.594 정보 [main] org.apache.catalina.core.ApplicationContext.log ContextListener: attributeAdded('StockTicker', 'async.Stockticker@29876704')
01-Jul-2024 12:49:00.182 정보 [main] org.apache.catalina.core.ApplicationContext.log ContextListener: contextInitialized()
01-Jul-2024 12:49:00.182 정보 [main] org.apache.catalina.core.ApplicationContext.log SessionListener: contextInitialized()
01-Jul-2024 12:49:00.184 정보 [main] org.apache.catalina.core.ApplicationContext.log ContextListener: attributeAdded('StockTicker', 'async.Stockticker@5cc69cfe')
01-Jul-2024 12:49:00.364 정보 [main] org.apache.catalina.core.ApplicationContext.log SessionListener: contextDestroyed()
01-Jul-2024 12:49:00.364 정보 [main] org.apache.catalina.core.ApplicationContext.log ContextListener: contextDestroyed()
01-Jul-2024 12:49:29.819 정보 [main] org.apache.catalina.core.ApplicationContext.log ContextListener: contextInitialized()
01-Jul-2024 12:49:29.819 정보 [main] org.apache.catalina.core.ApplicationContext.log SessionListener: contextInitialized()
01-Jul-2024 12:49:29.821 정보 [main] org.apache.catalina.core.ApplicationContext.log ContextListener: attributeAdded('StockTicker', 'async.Stockticker@72f46e16')
01-Jul-2024 12:49:29.996 정보 [main] org.apache.catalina.core.ApplicationContext.log SessionListener: contextDestroyed()
01-Jul-2024 12:49:29.996 정보 [main] org.apache.catalina.core.ApplicationContext.log ContextListener: contextDestroyed()
01-Jul-2024 12:49:52.579 정보 [main] org.apache.catalina.core.ApplicationContext.log ContextListener: contextInitialized()
01-Jul-2024 12:49:52.579 정보 [main] org.apache.catalina.core.ApplicationContext.log SessionListener: contextInitialized()
01-Jul-2024 12:49:52.581 정보 [main] org.apache.catalina.core.ApplicationContext.log ContextListener: attributeAdded('StockTicker', 'async.Stockticker@4985cbcb')
01-Jul-2024 12:49:52.748 정보 [main] org.apache.catalina.core.ApplicationContext.log SessionListener: contextDestroyed()
01-Jul-2024 12:49:52.748 정보 [main] org.apache.catalina.core.ApplicationContext.log ContextListener: contextDestroyed()
01-Jul-2024 12:50:13.727 정보 [main] org.apache.catalina.core.ApplicationContext.log ContextListener: contextInitialized()
01-Jul-2024 12:50:13.727 정보 [main] org.apache.catalina.core.ApplicationContext.log SessionListener: contextInitialized()
01-Jul-2024 12:50:13.731 정보 [main] org.apache.catalina.core.ApplicationContext.log ContextListener: attributeAdded('StockTicker', 'async.Stockticker@517bd097')
01-Jul-2024 13:50:47.039 정보 [main] org.apache.catalina.core.ApplicationContext.log SessionListener: contextDestroyed()
01-Jul-2024 13:50:47.039 정보 [main] org.apache.catalina.core.ApplicationContext.log ContextListener: contextDestroyed()
01-Jul-2024 13:52:08.341 정보 [main] org.apache.catalina.core.ApplicationContext.log ContextListener: contextInitialized()
01-Jul-2024 13:52:08.341 정보 [main] org.apache.catalina.core.ApplicationContext.log SessionListener: contextInitialized()
01-Jul-2024 13:52:08.343 정보 [main] org.apache.catalina.core.ApplicationContext.log ContextListener: attributeAdded('StockTicker', 'async.Stockticker@611f8234')
01-Jul-2024 13:54:24.098 정보 [main] org.apache.catalina.core.ApplicationContext.log SessionListener: contextDestroyed()
01-Jul-2024 13:54:24.098 정보 [main] org.apache.catalina.core.ApplicationContext.log ContextListener: contextDestroyed()
